<?xml version="1.0" encoding="UTF-8"?>
<testng-results ignored="0" total="2" passed="2" failed="0" skipped="0">
  <reporter-output>
  </reporter-output>
  <suite started-at="2022-08-02T21:02:05 IST" name="Suite" finished-at="2022-08-02T21:03:04 IST" duration-ms="58460">
    <groups>
      <group name="cucumber">
        <method signature="AbstractTestNGCucumberTests.runScenario(io.cucumber.testng.PickleWrapper,io.cucumber.testng.FeatureWrapper)[pri:0, instance:runner.TestRunner@21282ed8]" name="runScenario" class="io.cucumber.testng.AbstractTestNGCucumberTests"/>
      </group> <!-- cucumber -->
    </groups>
    <test started-at="2022-08-02T21:02:05 IST" name="SamleAPKTEST" finished-at="2022-08-02T21:03:04 IST" duration-ms="58460">
      <class name="runner.TestRunner">
        <test-method is-config="true" signature="setUpClass(org.testng.ITestContext)[pri:0, instance:runner.TestRunner@21282ed8]" started-at="2022-08-02T21:02:06 IST" name="setUpClass" finished-at="2022-08-02T21:02:06 IST" duration-ms="404" status="PASS">
          <params>
            <param index="0">
              <value>
                <![CDATA[org.testng.TestRunner@58437801]]>
              </value>
            </param>
          </params>
          <reporter-output>
          </reporter-output>
        </test-method> <!-- setUpClass -->
        <test-method signature="runScenario(io.cucumber.testng.PickleWrapper,io.cucumber.testng.FeatureWrapper)[pri:0, instance:runner.TestRunner@21282ed8]" started-at="2022-08-02T21:02:06 IST" name="runScenario" description="Runs Cucumber Scenarios" data-provider="scenarios" finished-at="2022-08-02T21:02:38 IST" duration-ms="32026" status="PASS">
          <params>
            <param index="0">
              <value>
                <![CDATA["Verify changing wifi name"]]>
              </value>
            </param>
            <param index="1">
              <value>
                <![CDATA["Optional[Preference]"]]>
              </value>
            </param>
          </params>
          <reporter-output>
          </reporter-output>
        </test-method> <!-- runScenario -->
        <test-method signature="runScenario(io.cucumber.testng.PickleWrapper,io.cucumber.testng.FeatureWrapper)[pri:0, instance:runner.TestRunner@21282ed8]" started-at="2022-08-02T21:02:39 IST" name="runScenario" description="Runs Cucumber Scenarios" data-provider="scenarios" finished-at="2022-08-02T21:03:04 IST" duration-ms="25094" status="PASS">
          <params>
            <param index="0">
              <value>
                <![CDATA["Verify time change"]]>
              </value>
            </param>
            <param index="1">
              <value>
                <![CDATA["Optional[Preference]"]]>
              </value>
            </param>
          </params>
          <reporter-output>
          </reporter-output>
        </test-method> <!-- runScenario -->
        <test-method is-config="true" signature="tearDownClass()[pri:0, instance:runner.TestRunner@21282ed8]" started-at="2022-08-02T21:03:04 IST" name="tearDownClass" finished-at="2022-08-02T21:03:04 IST" duration-ms="21" status="PASS">
          <reporter-output>
          </reporter-output>
        </test-method> <!-- tearDownClass -->
      </class> <!-- runner.TestRunner -->
    </test> <!-- SamleAPKTEST -->
  </suite> <!-- Suite -->
</testng-results>
